<?xml version="1.0" encoding="UTF-8"?>
<coverage generated="1651014866272" clover="3.2.0">
  <project timestamp="1651014866272" name="All files">
    <metrics statements="22" coveredstatements="7" conditionals="4" coveredconditionals="0" methods="6" coveredmethods="3" elements="32" coveredelements="10" complexity="0" loc="22" ncloc="22" packages="1" files="7" classes="7"/>
    <file name="App.js" path="/Users/jf/Desktop/Rithm25/W8/D2/react-state-carousel-coins/carousel/src/App.js">
      <metrics statements="3" coveredstatements="0" conditionals="0" coveredconditionals="0" methods="1" coveredmethods="0"/>
      <line num="17" count="0" type="stmt"/>
      <line num="18" count="0" type="stmt"/>
      <line num="20" count="0" type="stmt"/>
    </file>
    <file name="Card.js" path="/Users/jf/Desktop/Rithm25/W8/D2/react-state-carousel-coins/carousel/src/Card.js">
      <metrics statements="1" coveredstatements="1" conditionals="0" coveredconditionals="0" methods="1" coveredmethods="1"/>
      <line num="20" count="2" type="stmt"/>
    </file>
    <file name="Carousel.js" path="/Users/jf/Desktop/Rithm25/W8/D2/react-state-carousel-coins/carousel/src/Carousel.js">
      <metrics statements="5" coveredstatements="5" conditionals="0" coveredconditionals="0" methods="2" coveredmethods="2"/>
      <line num="18" count="2" type="stmt"/>
      <line num="20" count="2" type="stmt"/>
      <line num="21" count="2" type="stmt"/>
      <line num="25" count="1" type="stmt"/>
      <line num="28" count="2" type="stmt"/>
    </file>
    <file name="_testCommon.js" path="/Users/jf/Desktop/Rithm25/W8/D2/react-state-carousel-coins/carousel/src/_testCommon.js">
      <metrics statements="1" coveredstatements="1" conditionals="0" coveredconditionals="0" methods="0" coveredmethods="0"/>
      <line num="1" count="1" type="stmt"/>
    </file>
    <file name="index.js" path="/Users/jf/Desktop/Rithm25/W8/D2/react-state-carousel-coins/carousel/src/index.js">
      <metrics statements="3" coveredstatements="0" conditionals="0" coveredconditionals="0" methods="0" coveredmethods="0"/>
      <line num="8" count="0" type="stmt"/>
      <line num="9" count="0" type="stmt"/>
      <line num="18" count="0" type="stmt"/>
    </file>
    <file name="photos.js" path="/Users/jf/Desktop/Rithm25/W8/D2/react-state-carousel-coins/carousel/src/photos.js">
      <metrics statements="1" coveredstatements="0" conditionals="0" coveredconditionals="0" methods="0" coveredmethods="0"/>
      <line num="5" count="0" type="stmt"/>
    </file>
    <file name="reportWebVitals.js" path="/Users/jf/Desktop/Rithm25/W8/D2/react-state-carousel-coins/carousel/src/reportWebVitals.js">
      <metrics statements="8" coveredstatements="0" conditionals="4" coveredconditionals="0" methods="2" coveredmethods="0"/>
      <line num="1" count="0" type="stmt"/>
      <line num="2" count="0" type="cond" truecount="0" falsecount="4"/>
      <line num="3" count="0" type="stmt"/>
      <line num="4" count="0" type="stmt"/>
      <line num="5" count="0" type="stmt"/>
      <line num="6" count="0" type="stmt"/>
      <line num="7" count="0" type="stmt"/>
      <line num="8" count="0" type="stmt"/>
    </file>
  </project>
</coverage>
